<?xml version="1.0" encoding="UTF-8"?><testsuites><testsuite id="0" name="example.first-test" tests="4" errors="1" failures="1" time="0.00440"><testcase classname="example.first-test" name="nested" time="0.00110"></testcase><testcase classname="example.first-test" name="passing" time="0.000457"></testcase><testcase classname="example.first-test" name="erroring" time="0.000370"><error message="Divide by zero">Divide by zero
expected: (= 0 (/ 0 0))
  actual: java.lang.ArithmeticException: Divide by zero
 at clojure.lang.Numbers.divide (Numbers.java:158)
    clojure.lang.Numbers.divide (Numbers.java:3808)
    example.first_test$fn__1305.invokeStatic (first_test.clj:17)
    example.first_test/fn (first_test.clj:16)
</error></testcase><testcase classname="example.first-test" name="failing" time="0.000557"><failure message="">expected: (= 0 1)
  actual: (not (= 0 1))
      at: first_test.clj:14</failure></testcase></testsuite><testsuite id="1" name="example.second-test" tests="1" errors="0" failures="0" time="0.000673"><testcase classname="example.second-test" name="passing" time="0.000306"></testcase></testsuite></testsuites>